0 info it worked if it ends with ok
1 verbose cli [ '/Users/lixinliang/.nvm/versions/node/v6.10.0/bin/node',
1 verbose cli   '/Users/lixinliang/.nvm/versions/node/v6.10.0/bin/npm',
1 verbose cli   'start' ]
2 info using npm@3.10.10
3 info using node@v6.10.0
4 verbose run-script [ 'prestart', 'start', 'poststart' ]
5 info lifecycle lixinliang.github.io@1.0.0~prestart: lixinliang.github.io@1.0.0
6 silly lifecycle lixinliang.github.io@1.0.0~prestart: no script for prestart, continuing
7 info lifecycle lixinliang.github.io@1.0.0~start: lixinliang.github.io@1.0.0
8 verbose lifecycle lixinliang.github.io@1.0.0~start: unsafe-perm in lifecycle true
9 verbose lifecycle lixinliang.github.io@1.0.0~start: PATH: /Users/lixinliang/.nvm/versions/node/v6.10.0/lib/node_modules/npm/bin/node-gyp-bin:/Users/lixinliang/GitHub/lixinliang.github.io/node_modules/.bin:/Users/lixinliang/.nvm/versions/node/v6.10.0/bin:/Users/lixinliang/bin:/usr/local/bin:/usr/local/bin:/usr/bin:/bin:/usr/sbin:/sbin
10 verbose lifecycle lixinliang.github.io@1.0.0~start: CWD: /Users/lixinliang/GitHub/lixinliang.github.io
11 silly lifecycle lixinliang.github.io@1.0.0~start: Args: [ '-c', 'bundle exec jekyll serve' ]
12 silly lifecycle lixinliang.github.io@1.0.0~start: Returned: code: 7  signal: null
13 info lifecycle lixinliang.github.io@1.0.0~start: Failed to exec start script
14 verbose stack Error: lixinliang.github.io@1.0.0 start: `bundle exec jekyll serve`
14 verbose stack Exit status 7
14 verbose stack     at EventEmitter.<anonymous> (/Users/lixinliang/.nvm/versions/node/v6.10.0/lib/node_modules/npm/lib/utils/lifecycle.js:255:16)
14 verbose stack     at emitTwo (events.js:106:13)
14 verbose stack     at EventEmitter.emit (events.js:191:7)
14 verbose stack     at ChildProcess.<anonymous> (/Users/lixinliang/.nvm/versions/node/v6.10.0/lib/node_modules/npm/lib/utils/spawn.js:40:14)
14 verbose stack     at emitTwo (events.js:106:13)
14 verbose stack     at ChildProcess.emit (events.js:191:7)
14 verbose stack     at maybeClose (internal/child_process.js:877:16)
14 verbose stack     at Process.ChildProcess._handle.onexit (internal/child_process.js:226:5)
15 verbose pkgid lixinliang.github.io@1.0.0
16 verbose cwd /Users/lixinliang/GitHub/lixinliang.github.io
17 error Darwin 17.2.0
18 error argv "/Users/lixinliang/.nvm/versions/node/v6.10.0/bin/node" "/Users/lixinliang/.nvm/versions/node/v6.10.0/bin/npm" "start"
19 error node v6.10.0
20 error npm  v3.10.10
21 error code ELIFECYCLE
22 error lixinliang.github.io@1.0.0 start: `bundle exec jekyll serve`
22 error Exit status 7
23 error Failed at the lixinliang.github.io@1.0.0 start script 'bundle exec jekyll serve'.
23 error Make sure you have the latest version of node.js and npm installed.
23 error If you do, this is most likely a problem with the lixinliang.github.io package,
23 error not with npm itself.
23 error Tell the author that this fails on your system:
23 error     bundle exec jekyll serve
23 error You can get information on how to open an issue for this project with:
23 error     npm bugs lixinliang.github.io
23 error Or if that isn't available, you can get their info via:
23 error     npm owner ls lixinliang.github.io
23 error There is likely additional logging output above.
24 verbose exit [ 1, true ]
